Analysis & Synthesis report for ELE_DESIGN
Thu Jul 19 14:40:37 2018
Quartus II 64-Bit Version 13.0.0 Build 156 04/24/2013 SJ Full Version


---------------------
; Table of Contents ;
---------------------
  1. Legal Notice
  2. Analysis & Synthesis Summary
  3. Analysis & Synthesis Settings
  4. Parallel Compilation
  5. Analysis & Synthesis Source Files Read
  6. Analysis & Synthesis Resource Usage Summary
  7. Analysis & Synthesis Resource Utilization by Entity
  8. State Machine - |LCDTEST|lcd:inst|c_state
  9. Registers Removed During Synthesis
 10. Removed Registers Triggering Further Register Optimizations
 11. General Register Statistics
 12. Parameter Settings for User Entity Instance: lcd:inst
 13. Elapsed Time Per Partition
 14. Analysis & Synthesis Messages



----------------
; Legal Notice ;
----------------
Copyright (C) 1991-2013 Altera Corporation
Your use of Altera Corporation's design tools, logic functions 
and other software and tools, and its AMPP partner logic 
functions, and any output files from any of the foregoing 
(including device programming or simulation files), and any 
associated documentation or information are expressly subject 
to the terms and conditions of the Altera Program License 
Subscription Agreement, Altera MegaCore Function License 
Agreement, or other applicable license agreement, including, 
without limitation, that your use is for the sole purpose of 
programming logic devices manufactured by Altera and sold by 
Altera or its authorized distributors.  Please refer to the 
applicable agreement for further details.



+----------------------------------------------------------------------------------+
; Analysis & Synthesis Summary                                                     ;
+------------------------------------+---------------------------------------------+
; Analysis & Synthesis Status        ; Successful - Thu Jul 19 14:40:37 2018       ;
; Quartus II 64-Bit Version          ; 13.0.0 Build 156 04/24/2013 SJ Full Version ;
; Revision Name                      ; ELE_DESIGN                                  ;
; Top-level Entity Name              ; LCDTEST                                     ;
; Family                             ; Cyclone II                                  ;
; Total logic elements               ; 0                                           ;
;     Total combinational functions  ; 0                                           ;
;     Dedicated logic registers      ; 0                                           ;
; Total registers                    ; 0                                           ;
; Total pins                         ; 12                                          ;
; Total virtual pins                 ; 0                                           ;
; Total memory bits                  ; 0                                           ;
; Embedded Multiplier 9-bit elements ; 0                                           ;
; Total PLLs                         ; 0                                           ;
+------------------------------------+---------------------------------------------+


+----------------------------------------------------------------------------------------------------------------------+
; Analysis & Synthesis Settings                                                                                        ;
+----------------------------------------------------------------------------+--------------------+--------------------+
; Option                                                                     ; Setting            ; Default Value      ;
+----------------------------------------------------------------------------+--------------------+--------------------+
; Device                                                                     ; EP2C5Q208C8        ;                    ;
; Top-level entity name                                                      ; LCDTEST            ; ELE_DESIGN         ;
; Family name                                                                ; Cyclone II         ; Cyclone IV GX      ;
; Use smart compilation                                                      ; Off                ; Off                ;
; Enable parallel Assembler and TimeQuest Timing Analyzer during compilation ; On                 ; On                 ;
; Enable compact report table                                                ; Off                ; Off                ;
; Restructure Multiplexers                                                   ; Auto               ; Auto               ;
; Create Debugging Nodes for IP Cores                                        ; Off                ; Off                ;
; Preserve fewer node names                                                  ; On                 ; On                 ;
; Disable OpenCore Plus hardware evaluation                                  ; Off                ; Off                ;
; Verilog Version                                                            ; Verilog_2001       ; Verilog_2001       ;
; VHDL Version                                                               ; VHDL_1993          ; VHDL_1993          ;
; State Machine Processing                                                   ; Auto               ; Auto               ;
; Safe State Machine                                                         ; Off                ; Off                ;
; Extract Verilog State Machines                                             ; On                 ; On                 ;
; Extract VHDL State Machines                                                ; On                 ; On                 ;
; Ignore Verilog initial constructs                                          ; Off                ; Off                ;
; Iteration limit for constant Verilog loops                                 ; 5000               ; 5000               ;
; Iteration limit for non-constant Verilog loops                             ; 250                ; 250                ;
; Add Pass-Through Logic to Inferred RAMs                                    ; On                 ; On                 ;
; Infer RAMs from Raw Logic                                                  ; On                 ; On                 ;
; Parallel Synthesis                                                         ; On                 ; On                 ;
; DSP Block Balancing                                                        ; Auto               ; Auto               ;
; NOT Gate Push-Back                                                         ; On                 ; On                 ;
; Power-Up Don't Care                                                        ; On                 ; On                 ;
; Remove Redundant Logic Cells                                               ; Off                ; Off                ;
; Remove Duplicate Registers                                                 ; On                 ; On                 ;
; Ignore CARRY Buffers                                                       ; Off                ; Off                ;
; Ignore CASCADE Buffers                                                     ; Off                ; Off                ;
; Ignore GLOBAL Buffers                                                      ; Off                ; Off                ;
; Ignore ROW GLOBAL Buffers                                                  ; Off                ; Off                ;
; Ignore LCELL Buffers                                                       ; Off                ; Off                ;
; Ignore SOFT Buffers                                                        ; On                 ; On                 ;
; Limit AHDL Integers to 32 Bits                                             ; Off                ; Off                ;
; Optimization Technique                                                     ; Balanced           ; Balanced           ;
; Carry Chain Length                                                         ; 70                 ; 70                 ;
; Auto Carry Chains                                                          ; On                 ; On                 ;
; Auto Open-Drain Pins                                                       ; On                 ; On                 ;
; Perform WYSIWYG Primitive Resynthesis                                      ; Off                ; Off                ;
; Auto ROM Replacement                                                       ; On                 ; On                 ;
; Auto RAM Replacement                                                       ; On                 ; On                 ;
; Auto Shift Register Replacement                                            ; Auto               ; Auto               ;
; Allow Shift Register Merging across Hierarchies                            ; Auto               ; Auto               ;
; Auto Clock Enable Replacement                                              ; On                 ; On                 ;
; Strict RAM Replacement                                                     ; Off                ; Off                ;
; Allow Synchronous Control Signals                                          ; On                 ; On                 ;
; Force Use of Synchronous Clear Signals                                     ; Off                ; Off                ;
; Auto RAM to Logic Cell Conversion                                          ; Off                ; Off                ;
; Auto Resource Sharing                                                      ; Off                ; Off                ;
; Allow Any RAM Size For Recognition                                         ; Off                ; Off                ;
; Allow Any ROM Size For Recognition                                         ; Off                ; Off                ;
; Allow Any Shift Register Size For Recognition                              ; Off                ; Off                ;
; Use LogicLock Constraints during Resource Balancing                        ; On                 ; On                 ;
; Ignore translate_off and synthesis_off directives                          ; Off                ; Off                ;
; Timing-Driven Synthesis                                                    ; Off                ; Off                ;
; Report Parameter Settings                                                  ; On                 ; On                 ;
; Report Source Assignments                                                  ; On                 ; On                 ;
; Report Connectivity Checks                                                 ; On                 ; On                 ;
; Ignore Maximum Fan-Out Assignments                                         ; Off                ; Off                ;
; Synchronization Register Chain Length                                      ; 2                  ; 2                  ;
; PowerPlay Power Optimization                                               ; Normal compilation ; Normal compilation ;
; HDL message level                                                          ; Level2             ; Level2             ;
; Suppress Register Optimization Related Messages                            ; Off                ; Off                ;
; Number of Removed Registers Reported in Synthesis Report                   ; 5000               ; 5000               ;
; Number of Swept Nodes Reported in Synthesis Report                         ; 5000               ; 5000               ;
; Number of Inverted Registers Reported in Synthesis Report                  ; 100                ; 100                ;
; Clock MUX Protection                                                       ; On                 ; On                 ;
; Auto Gated Clock Conversion                                                ; Off                ; Off                ;
; Block Design Naming                                                        ; Auto               ; Auto               ;
; SDC constraint protection                                                  ; Off                ; Off                ;
; Synthesis Effort                                                           ; Auto               ; Auto               ;
; Shift Register Replacement - Allow Asynchronous Clear Signal               ; On                 ; On                 ;
; Pre-Mapping Resynthesis Optimization                                       ; Off                ; Off                ;
; Analysis & Synthesis Message Level                                         ; Medium             ; Medium             ;
; Disable Register Merging Across Hierarchies                                ; Auto               ; Auto               ;
; Resource Aware Inference For Block RAM                                     ; On                 ; On                 ;
; Synthesis Seed                                                             ; 1                  ; 1                  ;
+----------------------------------------------------------------------------+--------------------+--------------------+


+------------------------------------------+
; Parallel Compilation                     ;
+----------------------------+-------------+
; Processors                 ; Number      ;
+----------------------------+-------------+
; Number detected on machine ; 8           ;
; Maximum allowed            ; 4           ;
;                            ;             ;
; Average used               ; 1.00        ;
; Maximum used               ; 1           ;
;                            ;             ;
; Usage by Processor         ; % Time Used ;
;     Processor 1            ; 100.0%      ;
;     Processors 2-8         ;   0.0%      ;
+----------------------------+-------------+


+------------------------------------------------------------------------------------------------------------------------------------------+
; Analysis & Synthesis Source Files Read                                                                                                   ;
+----------------------------------+-----------------+------------------------------------+--------------------------------------+---------+
; File Name with User-Entered Path ; Used in Netlist ; File Type                          ; File Name with Absolute Path         ; Library ;
+----------------------------------+-----------------+------------------------------------+--------------------------------------+---------+
; lcd.v                            ; yes             ; User Verilog HDL File              ; F:/Quartus II/ELE_DESIGN/lcd.v       ;         ;
; LCDTEST.bdf                      ; yes             ; User Block Diagram/Schematic File  ; F:/Quartus II/ELE_DESIGN/LCDTEST.bdf ;         ;
+----------------------------------+-----------------+------------------------------------+--------------------------------------+---------+


+-----------------------------------------------------+
; Analysis & Synthesis Resource Usage Summary         ;
+---------------------------------------------+-------+
; Resource                                    ; Usage ;
+---------------------------------------------+-------+
;                                             ;       ;
; Total combinational functions               ; 0     ;
; Logic element usage by number of LUT inputs ;       ;
;     -- 4 input functions                    ; 0     ;
;     -- 3 input functions                    ; 0     ;
;     -- <=2 input functions                  ; 0     ;
;                                             ;       ;
; Logic elements by mode                      ;       ;
;     -- normal mode                          ; 0     ;
;     -- arithmetic mode                      ; 0     ;
;                                             ;       ;
; Total registers                             ; 0     ;
;     -- Dedicated logic registers            ; 0     ;
;     -- I/O registers                        ; 0     ;
;                                             ;       ;
; I/O pins                                    ; 12    ;
; Embedded Multiplier 9-bit elements          ; 0     ;
+---------------------------------------------+-------+


+-----------------------------------------------------------------------------------------------------------------------------------------------------------------------------+
; Analysis & Synthesis Resource Utilization by Entity                                                                                                                         ;
+----------------------------+-------------------+--------------+-------------+--------------+---------+-----------+------+--------------+---------------------+--------------+
; Compilation Hierarchy Node ; LC Combinationals ; LC Registers ; Memory Bits ; DSP Elements ; DSP 9x9 ; DSP 18x18 ; Pins ; Virtual Pins ; Full Hierarchy Name ; Library Name ;
+----------------------------+-------------------+--------------+-------------+--------------+---------+-----------+------+--------------+---------------------+--------------+
; |LCDTEST                   ; 0 (0)             ; 0 (0)        ; 0           ; 0            ; 0       ; 0         ; 12   ; 0            ; |LCDTEST            ;              ;
+----------------------------+-------------------+--------------+-------------+--------------+---------+-----------+------+--------------+---------------------+--------------+
Note: For table entries with two numbers listed, the numbers in parentheses indicate the number of resources of the given type used by the specific entity alone. The numbers listed outside of parentheses indicate the total resources of the given type used by the specific entity and all of its sub-entities in the hierarchy.


Encoding Type:  One-Hot
+---------------------------------------------------------------------------------------------------------------------------------------------------------------------------------------------------------------------------------------------------------------------------------------------------------------------------------------------------------------------------------------------------------------------------------------------------------------------------------------------------------------------------------------------------------------------------------------------------------------------------------------------------------------------------------------------------------------------------------------------------+
; State Machine - |LCDTEST|lcd:inst|c_state                                                                                                                                                                                                                                                                                                                                                                                                                                                                                                                                                                                                                                                                                                         ;
+----------------------+----------------+----------------+----------------+----------------+----------------+----------------+----------------+----------------+----------------+----------------+----------------+-------------------+----------------+----------------+----------------+----------------+----------------+----------------+----------------+----------------+----------------+----------------+----------------+----------------+----------------+----------------+----------------+----------------+----------------+----------------+----------------+----------------+-----------------+--------------------+-------------------+----------------+------------------+--------------------+----------------------+--------------+
; Name                 ; c_state.ROW2_D ; c_state.ROW2_C ; c_state.ROW2_E ; c_state.ROW2_F ; c_state.ROW2_A ; c_state.ROW2_B ; c_state.ROW2_9 ; c_state.ROW2_8 ; c_state.ROW1_E ; c_state.ROW1_D ; c_state.ROW1_F ; c_state.ROW2_ADDR ; c_state.ROW1_B ; c_state.ROW1_C ; c_state.ROW1_A ; c_state.ROW1_9 ; c_state.ROW2_2 ; c_state.ROW2_3 ; c_state.ROW2_1 ; c_state.ROW2_0 ; c_state.ROW2_5 ; c_state.ROW2_4 ; c_state.ROW2_6 ; c_state.ROW2_7 ; c_state.ROW1_3 ; c_state.ROW1_4 ; c_state.ROW1_2 ; c_state.ROW1_1 ; c_state.ROW1_6 ; c_state.ROW1_5 ; c_state.ROW1_7 ; c_state.ROW1_8 ; c_state.DISP_ON ; c_state.ENTRY_MODE ; c_state.ROW1_ADDR ; c_state.ROW1_0 ; c_state.DISP_OFF ; c_state.DISP_CLEAR ; c_state.SET_FUNCTION ; c_state.IDLE ;
+----------------------+----------------+----------------+----------------+----------------+----------------+----------------+----------------+----------------+----------------+----------------+----------------+-------------------+----------------+----------------+----------------+----------------+----------------+----------------+----------------+----------------+----------------+----------------+----------------+----------------+----------------+----------------+----------------+----------------+----------------+----------------+----------------+----------------+-----------------+--------------------+-------------------+----------------+------------------+--------------------+----------------------+--------------+
; c_state.IDLE         ; 0              ; 0              ; 0              ; 0              ; 0              ; 0              ; 0              ; 0              ; 0              ; 0              ; 0              ; 0                 ; 0              ; 0              ; 0              ; 0              ; 0              ; 0              ; 0              ; 0              ; 0              ; 0              ; 0              ; 0              ; 0              ; 0              ; 0              ; 0              ; 0              ; 0              ; 0              ; 0              ; 0               ; 0                  ; 0                 ; 0              ; 0                ; 0                  ; 0                    ; 0            ;
; c_state.SET_FUNCTION ; 0              ; 0              ; 0              ; 0              ; 0              ; 0              ; 0              ; 0              ; 0              ; 0              ; 0              ; 0                 ; 0              ; 0              ; 0              ; 0              ; 0              ; 0              ; 0              ; 0              ; 0              ; 0              ; 0              ; 0              ; 0              ; 0              ; 0              ; 0              ; 0              ; 0              ; 0              ; 0              ; 0               ; 0                  ; 0                 ; 0              ; 0                ; 0                  ; 1                    ; 1            ;
; c_state.DISP_CLEAR   ; 0              ; 0              ; 0              ; 0              ; 0              ; 0              ; 0              ; 0              ; 0              ; 0              ; 0              ; 0                 ; 0              ; 0              ; 0              ; 0              ; 0              ; 0              ; 0              ; 0              ; 0              ; 0              ; 0              ; 0              ; 0              ; 0              ; 0              ; 0              ; 0              ; 0              ; 0              ; 0              ; 0               ; 0                  ; 0                 ; 0              ; 0                ; 1                  ; 0                    ; 1            ;
; c_state.DISP_OFF     ; 0              ; 0              ; 0              ; 0              ; 0              ; 0              ; 0              ; 0              ; 0              ; 0              ; 0              ; 0                 ; 0              ; 0              ; 0              ; 0              ; 0              ; 0              ; 0              ; 0              ; 0              ; 0              ; 0              ; 0              ; 0              ; 0              ; 0              ; 0              ; 0              ; 0              ; 0              ; 0              ; 0               ; 0                  ; 0                 ; 0              ; 1                ; 0                  ; 0                    ; 1            ;
; c_state.ROW1_0       ; 0              ; 0              ; 0              ; 0              ; 0              ; 0              ; 0              ; 0              ; 0              ; 0              ; 0              ; 0                 ; 0              ; 0              ; 0              ; 0              ; 0              ; 0              ; 0              ; 0              ; 0              ; 0              ; 0              ; 0              ; 0              ; 0              ; 0              ; 0              ; 0              ; 0              ; 0              ; 0              ; 0               ; 0                  ; 0                 ; 1              ; 0                ; 0                  ; 0                    ; 1            ;
; c_state.ROW1_ADDR    ; 0              ; 0              ; 0              ; 0              ; 0              ; 0              ; 0              ; 0              ; 0              ; 0              ; 0              ; 0                 ; 0              ; 0              ; 0              ; 0              ; 0              ; 0              ; 0              ; 0              ; 0              ; 0              ; 0              ; 0              ; 0              ; 0              ; 0              ; 0              ; 0              ; 0              ; 0              ; 0              ; 0               ; 0                  ; 1                 ; 0              ; 0                ; 0                  ; 0                    ; 1            ;
; c_state.ENTRY_MODE   ; 0              ; 0              ; 0              ; 0              ; 0              ; 0              ; 0              ; 0              ; 0              ; 0              ; 0              ; 0                 ; 0              ; 0              ; 0              ; 0              ; 0              ; 0              ; 0              ; 0              ; 0              ; 0              ; 0              ; 0              ; 0              ; 0              ; 0              ; 0              ; 0              ; 0              ; 0              ; 0              ; 0               ; 1                  ; 0                 ; 0              ; 0                ; 0                  ; 0                    ; 1            ;
; c_state.DISP_ON      ; 0              ; 0              ; 0              ; 0              ; 0              ; 0              ; 0              ; 0              ; 0              ; 0              ; 0              ; 0                 ; 0              ; 0              ; 0              ; 0              ; 0              ; 0              ; 0              ; 0              ; 0              ; 0              ; 0              ; 0              ; 0              ; 0              ; 0              ; 0              ; 0              ; 0              ; 0              ; 0              ; 1               ; 0                  ; 0                 ; 0              ; 0                ; 0                  ; 0                    ; 1            ;
; c_state.ROW1_8       ; 0              ; 0              ; 0              ; 0              ; 0              ; 0              ; 0              ; 0              ; 0              ; 0              ; 0              ; 0                 ; 0              ; 0              ; 0              ; 0              ; 0              ; 0              ; 0              ; 0              ; 0              ; 0              ; 0              ; 0              ; 0              ; 0              ; 0              ; 0              ; 0              ; 0              ; 0              ; 1              ; 0               ; 0                  ; 0                 ; 0              ; 0                ; 0                  ; 0                    ; 1            ;
; c_state.ROW1_7       ; 0              ; 0              ; 0              ; 0              ; 0              ; 0              ; 0              ; 0              ; 0              ; 0              ; 0              ; 0                 ; 0              ; 0              ; 0              ; 0              ; 0              ; 0              ; 0              ; 0              ; 0              ; 0              ; 0              ; 0              ; 0              ; 0              ; 0              ; 0              ; 0              ; 0              ; 1              ; 0              ; 0               ; 0                  ; 0                 ; 0              ; 0                ; 0                  ; 0                    ; 1            ;
; c_state.ROW1_5       ; 0              ; 0              ; 0              ; 0              ; 0              ; 0              ; 0              ; 0              ; 0              ; 0              ; 0              ; 0                 ; 0              ; 0              ; 0              ; 0              ; 0              ; 0              ; 0              ; 0              ; 0              ; 0              ; 0              ; 0              ; 0              ; 0              ; 0              ; 0              ; 0              ; 1              ; 0              ; 0              ; 0               ; 0                  ; 0                 ; 0              ; 0                ; 0                  ; 0                    ; 1            ;
; c_state.ROW1_6       ; 0              ; 0              ; 0              ; 0              ; 0              ; 0              ; 0              ; 0              ; 0              ; 0              ; 0              ; 0                 ; 0              ; 0              ; 0              ; 0              ; 0              ; 0              ; 0              ; 0              ; 0              ; 0              ; 0              ; 0              ; 0              ; 0              ; 0              ; 0              ; 1              ; 0              ; 0              ; 0              ; 0               ; 0                  ; 0                 ; 0              ; 0                ; 0                  ; 0                    ; 1            ;
; c_state.ROW1_1       ; 0              ; 0              ; 0              ; 0              ; 0              ; 0              ; 0              ; 0              ; 0              ; 0              ; 0              ; 0                 ; 0              ; 0              ; 0              ; 0              ; 0              ; 0              ; 0              ; 0              ; 0              ; 0              ; 0              ; 0              ; 0              ; 0              ; 0              ; 1              ; 0              ; 0              ; 0              ; 0              ; 0               ; 0                  ; 0                 ; 0              ; 0                ; 0                  ; 0                    ; 1            ;
; c_state.ROW1_2       ; 0              ; 0              ; 0              ; 0              ; 0              ; 0              ; 0              ; 0              ; 0              ; 0              ; 0              ; 0                 ; 0              ; 0              ; 0              ; 0              ; 0              ; 0              ; 0              ; 0              ; 0              ; 0              ; 0              ; 0              ; 0              ; 0              ; 1              ; 0              ; 0              ; 0              ; 0              ; 0              ; 0               ; 0                  ; 0                 ; 0              ; 0                ; 0                  ; 0                    ; 1            ;
; c_state.ROW1_4       ; 0              ; 0              ; 0              ; 0              ; 0              ; 0              ; 0              ; 0              ; 0              ; 0              ; 0              ; 0                 ; 0              ; 0              ; 0              ; 0              ; 0              ; 0              ; 0              ; 0              ; 0              ; 0              ; 0              ; 0              ; 0              ; 1              ; 0              ; 0              ; 0              ; 0              ; 0              ; 0              ; 0               ; 0                  ; 0                 ; 0              ; 0                ; 0                  ; 0                    ; 1            ;
; c_state.ROW1_3       ; 0              ; 0              ; 0              ; 0              ; 0              ; 0              ; 0              ; 0              ; 0              ; 0              ; 0              ; 0                 ; 0              ; 0              ; 0              ; 0              ; 0              ; 0              ; 0              ; 0              ; 0              ; 0              ; 0              ; 0              ; 1              ; 0              ; 0              ; 0              ; 0              ; 0              ; 0              ; 0              ; 0               ; 0                  ; 0                 ; 0              ; 0                ; 0                  ; 0                    ; 1            ;
; c_state.ROW2_7       ; 0              ; 0              ; 0              ; 0              ; 0              ; 0              ; 0              ; 0              ; 0              ; 0              ; 0              ; 0                 ; 0              ; 0              ; 0              ; 0              ; 0              ; 0              ; 0              ; 0              ; 0              ; 0              ; 0              ; 1              ; 0              ; 0              ; 0              ; 0              ; 0              ; 0              ; 0              ; 0              ; 0               ; 0                  ; 0                 ; 0              ; 0                ; 0                  ; 0                    ; 1            ;
; c_state.ROW2_6       ; 0              ; 0              ; 0              ; 0              ; 0              ; 0              ; 0              ; 0              ; 0              ; 0              ; 0              ; 0                 ; 0              ; 0              ; 0              ; 0              ; 0              ; 0              ; 0              ; 0              ; 0              ; 0              ; 1              ; 0              ; 0              ; 0              ; 0              ; 0              ; 0              ; 0              ; 0              ; 0              ; 0               ; 0                  ; 0                 ; 0              ; 0                ; 0                  ; 0                    ; 1            ;
; c_state.ROW2_4       ; 0              ; 0              ; 0              ; 0              ; 0              ; 0              ; 0              ; 0              ; 0              ; 0              ; 0              ; 0                 ; 0              ; 0              ; 0              ; 0              ; 0              ; 0              ; 0              ; 0              ; 0              ; 1              ; 0              ; 0              ; 0              ; 0              ; 0              ; 0              ; 0              ; 0              ; 0              ; 0              ; 0               ; 0                  ; 0                 ; 0              ; 0                ; 0                  ; 0                    ; 1            ;
; c_state.ROW2_5       ; 0              ; 0              ; 0              ; 0              ; 0              ; 0              ; 0              ; 0              ; 0              ; 0              ; 0              ; 0                 ; 0              ; 0              ; 0              ; 0              ; 0              ; 0              ; 0              ; 0              ; 1              ; 0              ; 0              ; 0              ; 0              ; 0              ; 0              ; 0              ; 0              ; 0              ; 0              ; 0              ; 0               ; 0                  ; 0                 ; 0              ; 0                ; 0                  ; 0                    ; 1            ;
; c_state.ROW2_0       ; 0              ; 0              ; 0              ; 0              ; 0              ; 0              ; 0              ; 0              ; 0              ; 0              ; 0              ; 0                 ; 0              ; 0              ; 0              ; 0              ; 0              ; 0              ; 0              ; 1              ; 0              ; 0              ; 0              ; 0              ; 0              ; 0              ; 0              ; 0              ; 0              ; 0              ; 0              ; 0              ; 0               ; 0                  ; 0                 ; 0              ; 0                ; 0                  ; 0                    ; 1            ;
; c_state.ROW2_1       ; 0              ; 0              ; 0              ; 0              ; 0              ; 0              ; 0              ; 0              ; 0              ; 0              ; 0              ; 0                 ; 0              ; 0              ; 0              ; 0              ; 0              ; 0              ; 1              ; 0              ; 0              ; 0              ; 0              ; 0              ; 0              ; 0              ; 0              ; 0              ; 0              ; 0              ; 0              ; 0              ; 0               ; 0                  ; 0                 ; 0              ; 0                ; 0                  ; 0                    ; 1            ;
; c_state.ROW2_3       ; 0              ; 0              ; 0              ; 0              ; 0              ; 0              ; 0              ; 0              ; 0              ; 0              ; 0              ; 0                 ; 0              ; 0              ; 0              ; 0              ; 0              ; 1              ; 0              ; 0              ; 0              ; 0              ; 0              ; 0              ; 0              ; 0              ; 0              ; 0              ; 0              ; 0              ; 0              ; 0              ; 0               ; 0                  ; 0                 ; 0              ; 0                ; 0                  ; 0                    ; 1            ;
; c_state.ROW2_2       ; 0              ; 0              ; 0              ; 0              ; 0              ; 0              ; 0              ; 0              ; 0              ; 0              ; 0              ; 0                 ; 0              ; 0              ; 0              ; 0              ; 1              ; 0              ; 0              ; 0              ; 0              ; 0              ; 0              ; 0              ; 0              ; 0              ; 0              ; 0              ; 0              ; 0              ; 0              ; 0              ; 0               ; 0                  ; 0                 ; 0              ; 0                ; 0                  ; 0                    ; 1            ;
; c_state.ROW1_9       ; 0              ; 0              ; 0              ; 0              ; 0              ; 0              ; 0              ; 0              ; 0              ; 0              ; 0              ; 0                 ; 0              ; 0              ; 0              ; 1              ; 0              ; 0              ; 0              ; 0              ; 0              ; 0              ; 0              ; 0              ; 0              ; 0              ; 0              ; 0              ; 0              ; 0              ; 0              ; 0              ; 0               ; 0                  ; 0                 ; 0              ; 0                ; 0                  ; 0                    ; 1            ;
; c_state.ROW1_A       ; 0              ; 0              ; 0              ; 0              ; 0              ; 0              ; 0              ; 0              ; 0              ; 0              ; 0              ; 0                 ; 0              ; 0              ; 1              ; 0              ; 0              ; 0              ; 0              ; 0              ; 0              ; 0              ; 0              ; 0              ; 0              ; 0              ; 0              ; 0              ; 0              ; 0              ; 0              ; 0              ; 0               ; 0                  ; 0                 ; 0              ; 0                ; 0                  ; 0                    ; 1            ;
; c_state.ROW1_C       ; 0              ; 0              ; 0              ; 0              ; 0              ; 0              ; 0              ; 0              ; 0              ; 0              ; 0              ; 0                 ; 0              ; 1              ; 0              ; 0              ; 0              ; 0              ; 0              ; 0              ; 0              ; 0              ; 0              ; 0              ; 0              ; 0              ; 0              ; 0              ; 0              ; 0              ; 0              ; 0              ; 0               ; 0                  ; 0                 ; 0              ; 0                ; 0                  ; 0                    ; 1            ;
; c_state.ROW1_B       ; 0              ; 0              ; 0              ; 0              ; 0              ; 0              ; 0              ; 0              ; 0              ; 0              ; 0              ; 0                 ; 1              ; 0              ; 0              ; 0              ; 0              ; 0              ; 0              ; 0              ; 0              ; 0              ; 0              ; 0              ; 0              ; 0              ; 0              ; 0              ; 0              ; 0              ; 0              ; 0              ; 0               ; 0                  ; 0                 ; 0              ; 0                ; 0                  ; 0                    ; 1            ;
; c_state.ROW2_ADDR    ; 0              ; 0              ; 0              ; 0              ; 0              ; 0              ; 0              ; 0              ; 0              ; 0              ; 0              ; 1                 ; 0              ; 0              ; 0              ; 0              ; 0              ; 0              ; 0              ; 0              ; 0              ; 0              ; 0              ; 0              ; 0              ; 0              ; 0              ; 0              ; 0              ; 0              ; 0              ; 0              ; 0               ; 0                  ; 0                 ; 0              ; 0                ; 0                  ; 0                    ; 1            ;
; c_state.ROW1_F       ; 0              ; 0              ; 0              ; 0              ; 0              ; 0              ; 0              ; 0              ; 0              ; 0              ; 1              ; 0                 ; 0              ; 0              ; 0              ; 0              ; 0              ; 0              ; 0              ; 0              ; 0              ; 0              ; 0              ; 0              ; 0              ; 0              ; 0              ; 0              ; 0              ; 0              ; 0              ; 0              ; 0               ; 0                  ; 0                 ; 0              ; 0                ; 0                  ; 0                    ; 1            ;
; c_state.ROW1_D       ; 0              ; 0              ; 0              ; 0              ; 0              ; 0              ; 0              ; 0              ; 0              ; 1              ; 0              ; 0                 ; 0              ; 0              ; 0              ; 0              ; 0              ; 0              ; 0              ; 0              ; 0              ; 0              ; 0              ; 0              ; 0              ; 0              ; 0              ; 0              ; 0              ; 0              ; 0              ; 0              ; 0               ; 0                  ; 0                 ; 0              ; 0                ; 0                  ; 0                    ; 1            ;
; c_state.ROW1_E       ; 0              ; 0              ; 0              ; 0              ; 0              ; 0              ; 0              ; 0              ; 1              ; 0              ; 0              ; 0                 ; 0              ; 0              ; 0              ; 0              ; 0              ; 0              ; 0              ; 0              ; 0              ; 0              ; 0              ; 0              ; 0              ; 0              ; 0              ; 0              ; 0              ; 0              ; 0              ; 0              ; 0               ; 0                  ; 0                 ; 0              ; 0                ; 0                  ; 0                    ; 1            ;
; c_state.ROW2_8       ; 0              ; 0              ; 0              ; 0              ; 0              ; 0              ; 0              ; 1              ; 0              ; 0              ; 0              ; 0                 ; 0              ; 0              ; 0              ; 0              ; 0              ; 0              ; 0              ; 0              ; 0              ; 0              ; 0              ; 0              ; 0              ; 0              ; 0              ; 0              ; 0              ; 0              ; 0              ; 0              ; 0               ; 0                  ; 0                 ; 0              ; 0                ; 0                  ; 0                    ; 1            ;
; c_state.ROW2_9       ; 0              ; 0              ; 0              ; 0              ; 0              ; 0              ; 1              ; 0              ; 0              ; 0              ; 0              ; 0                 ; 0              ; 0              ; 0              ; 0              ; 0              ; 0              ; 0              ; 0              ; 0              ; 0              ; 0              ; 0              ; 0              ; 0              ; 0              ; 0              ; 0              ; 0              ; 0              ; 0              ; 0               ; 0                  ; 0                 ; 0              ; 0                ; 0                  ; 0                    ; 1            ;
; c_state.ROW2_B       ; 0              ; 0              ; 0              ; 0              ; 0              ; 1              ; 0              ; 0              ; 0              ; 0              ; 0              ; 0                 ; 0              ; 0              ; 0              ; 0              ; 0              ; 0              ; 0              ; 0              ; 0              ; 0              ; 0              ; 0              ; 0              ; 0              ; 0              ; 0              ; 0              ; 0              ; 0              ; 0              ; 0               ; 0                  ; 0                 ; 0              ; 0                ; 0                  ; 0                    ; 1            ;
; c_state.ROW2_A       ; 0              ; 0              ; 0              ; 0              ; 1              ; 0              ; 0              ; 0              ; 0              ; 0              ; 0              ; 0                 ; 0              ; 0              ; 0              ; 0              ; 0              ; 0              ; 0              ; 0              ; 0              ; 0              ; 0              ; 0              ; 0              ; 0              ; 0              ; 0              ; 0              ; 0              ; 0              ; 0              ; 0               ; 0                  ; 0                 ; 0              ; 0                ; 0                  ; 0                    ; 1            ;
; c_state.ROW2_F       ; 0              ; 0              ; 0              ; 1              ; 0              ; 0              ; 0              ; 0              ; 0              ; 0              ; 0              ; 0                 ; 0              ; 0              ; 0              ; 0              ; 0              ; 0              ; 0              ; 0              ; 0              ; 0              ; 0              ; 0              ; 0              ; 0              ; 0              ; 0              ; 0              ; 0              ; 0              ; 0              ; 0               ; 0                  ; 0                 ; 0              ; 0                ; 0                  ; 0                    ; 1            ;
; c_state.ROW2_E       ; 0              ; 0              ; 1              ; 0              ; 0              ; 0              ; 0              ; 0              ; 0              ; 0              ; 0              ; 0                 ; 0              ; 0              ; 0              ; 0              ; 0              ; 0              ; 0              ; 0              ; 0              ; 0              ; 0              ; 0              ; 0              ; 0              ; 0              ; 0              ; 0              ; 0              ; 0              ; 0              ; 0               ; 0                  ; 0                 ; 0              ; 0                ; 0                  ; 0                    ; 1            ;
; c_state.ROW2_C       ; 0              ; 1              ; 0              ; 0              ; 0              ; 0              ; 0              ; 0              ; 0              ; 0              ; 0              ; 0                 ; 0              ; 0              ; 0              ; 0              ; 0              ; 0              ; 0              ; 0              ; 0              ; 0              ; 0              ; 0              ; 0              ; 0              ; 0              ; 0              ; 0              ; 0              ; 0              ; 0              ; 0               ; 0                  ; 0                 ; 0              ; 0                ; 0                  ; 0                    ; 1            ;
; c_state.ROW2_D       ; 1              ; 0              ; 0              ; 0              ; 0              ; 0              ; 0              ; 0              ; 0              ; 0              ; 0              ; 0                 ; 0              ; 0              ; 0              ; 0              ; 0              ; 0              ; 0              ; 0              ; 0              ; 0              ; 0              ; 0              ; 0              ; 0              ; 0              ; 0              ; 0              ; 0              ; 0              ; 0              ; 0               ; 0                  ; 0                 ; 0              ; 0                ; 0                  ; 0                    ; 1            ;
+----------------------+----------------+----------------+----------------+----------------+----------------+----------------+----------------+----------------+----------------+----------------+----------------+-------------------+----------------+----------------+----------------+----------------+----------------+----------------+----------------+----------------+----------------+----------------+----------------+----------------+----------------+----------------+----------------+----------------+----------------+----------------+----------------+----------------+-----------------+--------------------+-------------------+----------------+------------------+--------------------+----------------------+--------------+


+--------------------------------------------------------------------------------------+
; Registers Removed During Synthesis                                                   ;
+----------------------------------------+---------------------------------------------+
; Register name                          ; Reason for Removal                          ;
+----------------------------------------+---------------------------------------------+
; lcd:inst|cnt_500hz[0..19]              ; Stuck at GND due to stuck port data_in      ;
; lcd:inst|lcd_data[0]                   ; Stuck at GND due to stuck port clock_enable ;
; lcd:inst|lcd_rs                        ; Stuck at GND due to stuck port clock_enable ;
; lcd:inst|lcd_data[1..7]                ; Stuck at GND due to stuck port clock_enable ;
; lcd:inst|c_state~44                    ; Lost fanout                                 ;
; lcd:inst|c_state~45                    ; Lost fanout                                 ;
; lcd:inst|c_state~46                    ; Lost fanout                                 ;
; lcd:inst|c_state~47                    ; Lost fanout                                 ;
; lcd:inst|c_state~48                    ; Lost fanout                                 ;
; lcd:inst|c_state~49                    ; Lost fanout                                 ;
; lcd:inst|c_state.IDLE                  ; Lost fanout                                 ;
; lcd:inst|c_state.SET_FUNCTION          ; Lost fanout                                 ;
; lcd:inst|c_state.DISP_CLEAR            ; Lost fanout                                 ;
; lcd:inst|c_state.DISP_OFF              ; Lost fanout                                 ;
; lcd:inst|c_state.ROW1_0                ; Lost fanout                                 ;
; lcd:inst|c_state.ROW1_ADDR             ; Lost fanout                                 ;
; lcd:inst|c_state.ENTRY_MODE            ; Lost fanout                                 ;
; lcd:inst|c_state.DISP_ON               ; Lost fanout                                 ;
; lcd:inst|c_state.ROW1_8                ; Lost fanout                                 ;
; lcd:inst|c_state.ROW1_7                ; Lost fanout                                 ;
; lcd:inst|c_state.ROW1_5                ; Lost fanout                                 ;
; lcd:inst|c_state.ROW1_6                ; Lost fanout                                 ;
; lcd:inst|c_state.ROW1_1                ; Lost fanout                                 ;
; lcd:inst|c_state.ROW1_2                ; Lost fanout                                 ;
; lcd:inst|c_state.ROW1_4                ; Lost fanout                                 ;
; lcd:inst|c_state.ROW1_3                ; Lost fanout                                 ;
; lcd:inst|c_state.ROW2_7                ; Lost fanout                                 ;
; lcd:inst|c_state.ROW2_6                ; Lost fanout                                 ;
; lcd:inst|c_state.ROW2_4                ; Lost fanout                                 ;
; lcd:inst|c_state.ROW2_5                ; Lost fanout                                 ;
; lcd:inst|c_state.ROW2_0                ; Lost fanout                                 ;
; lcd:inst|c_state.ROW2_1                ; Lost fanout                                 ;
; lcd:inst|c_state.ROW2_3                ; Lost fanout                                 ;
; lcd:inst|c_state.ROW2_2                ; Lost fanout                                 ;
; lcd:inst|c_state.ROW1_9                ; Lost fanout                                 ;
; lcd:inst|c_state.ROW1_A                ; Lost fanout                                 ;
; lcd:inst|c_state.ROW1_C                ; Lost fanout                                 ;
; lcd:inst|c_state.ROW1_B                ; Lost fanout                                 ;
; lcd:inst|c_state.ROW2_ADDR             ; Lost fanout                                 ;
; lcd:inst|c_state.ROW1_F                ; Lost fanout                                 ;
; lcd:inst|c_state.ROW1_D                ; Lost fanout                                 ;
; lcd:inst|c_state.ROW1_E                ; Lost fanout                                 ;
; lcd:inst|c_state.ROW2_8                ; Lost fanout                                 ;
; lcd:inst|c_state.ROW2_9                ; Lost fanout                                 ;
; lcd:inst|c_state.ROW2_B                ; Lost fanout                                 ;
; lcd:inst|c_state.ROW2_A                ; Lost fanout                                 ;
; lcd:inst|c_state.ROW2_F                ; Lost fanout                                 ;
; lcd:inst|c_state.ROW2_E                ; Lost fanout                                 ;
; lcd:inst|c_state.ROW2_C                ; Lost fanout                                 ;
; lcd:inst|c_state.ROW2_D                ; Lost fanout                                 ;
; Total Number of Removed Registers = 75 ;                                             ;
+----------------------------------------+---------------------------------------------+


+----------------------------------------------------------------------------------------------------------------------------------------------+
; Removed Registers Triggering Further Register Optimizations                                                                                  ;
+------------------------+---------------------------+-----------------------------------------------------------------------------------------+
; Register name          ; Reason for Removal        ; Registers Removed due to This Register                                                  ;
+------------------------+---------------------------+-----------------------------------------------------------------------------------------+
; lcd:inst|cnt_500hz[19] ; Stuck at GND              ; lcd:inst|lcd_data[0], lcd:inst|lcd_rs, lcd:inst|lcd_data[7], lcd:inst|lcd_data[6],      ;
;                        ; due to stuck port data_in ; lcd:inst|lcd_data[5], lcd:inst|lcd_data[4], lcd:inst|lcd_data[3], lcd:inst|lcd_data[2], ;
;                        ;                           ; lcd:inst|lcd_data[1]                                                                    ;
; lcd:inst|c_state~44    ; Lost Fanouts              ; lcd:inst|c_state.ROW1_F, lcd:inst|c_state.ROW1_E, lcd:inst|c_state.ROW2_9,              ;
;                        ;                           ; lcd:inst|c_state.ROW2_A, lcd:inst|c_state.ROW2_E, lcd:inst|c_state.ROW2_D               ;
; lcd:inst|c_state~48    ; Lost Fanouts              ; lcd:inst|c_state.ROW1_5, lcd:inst|c_state.ROW1_6, lcd:inst|c_state.ROW1_1,              ;
;                        ;                           ; lcd:inst|c_state.ROW1_2, lcd:inst|c_state.ROW1_4, lcd:inst|c_state.ROW1_3               ;
; lcd:inst|c_state~45    ; Lost Fanouts              ; lcd:inst|c_state.ROW1_D, lcd:inst|c_state.ROW2_B, lcd:inst|c_state.ROW2_C               ;
; lcd:inst|c_state~47    ; Lost Fanouts              ; lcd:inst|c_state.ROW1_C, lcd:inst|c_state.ROW1_B, lcd:inst|c_state.ROW2_ADDR            ;
; lcd:inst|c_state~46    ; Lost Fanouts              ; lcd:inst|c_state.ROW2_F                                                                 ;
+------------------------+---------------------------+-----------------------------------------------------------------------------------------+


+------------------------------------------------------+
; General Register Statistics                          ;
+----------------------------------------------+-------+
; Statistic                                    ; Value ;
+----------------------------------------------+-------+
; Total registers                              ; 0     ;
; Number of registers using Synchronous Clear  ; 0     ;
; Number of registers using Synchronous Load   ; 0     ;
; Number of registers using Asynchronous Clear ; 0     ;
; Number of registers using Asynchronous Load  ; 0     ;
; Number of registers using Clock Enable       ; 0     ;
; Number of registers using Preset             ; 0     ;
+----------------------------------------------+-------+


+-------------------------------------------------------+
; Parameter Settings for User Entity Instance: lcd:inst ;
+----------------+----------+---------------------------+
; Parameter Name ; Value    ; Type                      ;
+----------------+----------+---------------------------+
; TIME_20MS      ; 5000000  ; Signed Integer            ;
; TIME_500HZ     ; 100000   ; Signed Integer            ;
; IDLE           ; 00000000 ; Unsigned Binary           ;
; SET_FUNCTION   ; 00000001 ; Unsigned Binary           ;
; DISP_OFF       ; 00000011 ; Unsigned Binary           ;
; DISP_CLEAR     ; 00000010 ; Unsigned Binary           ;
; ENTRY_MODE     ; 00000110 ; Unsigned Binary           ;
; DISP_ON        ; 00000111 ; Unsigned Binary           ;
; ROW1_ADDR      ; 00000101 ; Unsigned Binary           ;
; ROW1_0         ; 00000100 ; Unsigned Binary           ;
; ROW1_1         ; 00001100 ; Unsigned Binary           ;
; ROW1_2         ; 00001101 ; Unsigned Binary           ;
; ROW1_3         ; 00001111 ; Unsigned Binary           ;
; ROW1_4         ; 00001110 ; Unsigned Binary           ;
; ROW1_5         ; 00001010 ; Unsigned Binary           ;
; ROW1_6         ; 00001011 ; Unsigned Binary           ;
; ROW1_7         ; 00001001 ; Unsigned Binary           ;
; ROW1_8         ; 00001000 ; Unsigned Binary           ;
; ROW1_9         ; 00011000 ; Unsigned Binary           ;
; ROW1_A         ; 00011001 ; Unsigned Binary           ;
; ROW1_B         ; 00011011 ; Unsigned Binary           ;
; ROW1_C         ; 00011010 ; Unsigned Binary           ;
; ROW1_D         ; 00011110 ; Unsigned Binary           ;
; ROW1_E         ; 00011111 ; Unsigned Binary           ;
; ROW1_F         ; 00011101 ; Unsigned Binary           ;
; ROW2_ADDR      ; 00011100 ; Unsigned Binary           ;
; ROW2_0         ; 00010100 ; Unsigned Binary           ;
; ROW2_1         ; 00010101 ; Unsigned Binary           ;
; ROW2_2         ; 00010111 ; Unsigned Binary           ;
; ROW2_3         ; 00010110 ; Unsigned Binary           ;
; ROW2_4         ; 00010010 ; Unsigned Binary           ;
; ROW2_5         ; 00010011 ; Unsigned Binary           ;
; ROW2_6         ; 00010001 ; Unsigned Binary           ;
; ROW2_7         ; 00010000 ; Unsigned Binary           ;
; ROW2_8         ; 00110000 ; Unsigned Binary           ;
; ROW2_9         ; 00110001 ; Unsigned Binary           ;
; ROW2_A         ; 00110011 ; Unsigned Binary           ;
; ROW2_B         ; 00110010 ; Unsigned Binary           ;
; ROW2_C         ; 00110110 ; Unsigned Binary           ;
; ROW2_D         ; 00110111 ; Unsigned Binary           ;
; ROW2_E         ; 00110101 ; Unsigned Binary           ;
; ROW2_F         ; 00110100 ; Unsigned Binary           ;
+----------------+----------+---------------------------+
Note: In order to hide this table in the UI and the text report file, please set the "Show Parameter Settings in Synthesis Report" option in "Analysis and Synthesis Settings -> More Settings" to "Off".


+-------------------------------+
; Elapsed Time Per Partition    ;
+----------------+--------------+
; Partition Name ; Elapsed Time ;
+----------------+--------------+
; Top            ; 00:00:00     ;
+----------------+--------------+


+-------------------------------+
; Analysis & Synthesis Messages ;
+-------------------------------+
Info: *******************************************************************
Info: Running Quartus II 64-Bit Analysis & Synthesis
    Info: Version 13.0.0 Build 156 04/24/2013 SJ Full Version
    Info: Processing started: Thu Jul 19 14:40:36 2018
Info: Command: quartus_map --read_settings_files=on --write_settings_files=off ELE_DESIGN -c ELE_DESIGN
Info (11104): Parallel Compilation has detected 8 hyper-threaded processors. However, the extra hyper-threaded processors will not be used by default. Parallel Compilation will use 4 of the 4 physical processors detected instead.
Info (12021): Found 1 design units, including 1 entities, in source file envtest.bdf
    Info (12023): Found entity 1: EnvTest
Info (12021): Found 1 design units, including 1 entities, in source file speed.v
    Info (12023): Found entity 1: Speed
Info (12021): Found 1 design units, including 1 entities, in source file follow.v
    Info (12023): Found entity 1: Follow
Info (12021): Found 1 design units, including 1 entities, in source file latticeshow.v
    Info (12023): Found entity 1: LatticeShow
Info (12021): Found 1 design units, including 1 entities, in source file escape.v
    Info (12023): Found entity 1: escape
Info (12021): Found 1 design units, including 1 entities, in source file temperature.v
    Info (12023): Found entity 1: Temperature
Info (12021): Found 1 design units, including 1 entities, in source file display.v
    Info (12023): Found entity 1: Display
Warning (10238): Verilog Module Declaration warning at MotorDriver.v(10): ignored anonymous port(s) indicated by duplicate or dangling comma(s) in the port list for module "MotorDriver"
Info (12021): Found 1 design units, including 1 entities, in source file motordriver.v
    Info (12023): Found entity 1: MotorDriver
Info (12021): Found 1 design units, including 1 entities, in source file clkdiv.v
    Info (12023): Found entity 1: ClkDiv
Info (12021): Found 1 design units, including 1 entities, in source file uart_tx.v
    Info (12023): Found entity 1: UART_TX
Info (12021): Found 1 design units, including 1 entities, in source file uart_rx.v
    Info (12023): Found entity 1: UART_RX
Info (12021): Found 1 design units, including 1 entities, in source file servo.v
    Info (12023): Found entity 1: Servo
Info (12021): Found 1 design units, including 1 entities, in source file bluecontrol.v
    Info (12023): Found entity 1: BlueControl
Info (12021): Found 1 design units, including 1 entities, in source file bluetest.bdf
    Info (12023): Found entity 1: BlueTest
Info (12021): Found 1 design units, including 1 entities, in source file followtest.bdf
    Info (12023): Found entity 1: FollowTest
Info (12021): Found 1 design units, including 1 entities, in source file transfer.v
    Info (12023): Found entity 1: Transfer
Info (12021): Found 1 design units, including 1 entities, in source file adc.v
    Info (12023): Found entity 1: ADC
Info (12021): Found 1 design units, including 1 entities, in source file adctest.bdf
    Info (12023): Found entity 1: ADCTEST
Info (12021): Found 1 design units, including 1 entities, in source file lcd.v
    Info (12023): Found entity 1: lcd
Info (12021): Found 1 design units, including 1 entities, in source file lcdtest.bdf
    Info (12023): Found entity 1: LCDTEST
Warning (10236): Verilog HDL Implicit Net warning at lcd.v(221): created implicit net for "write_flag"
Info (12127): Elaborating entity "LCDTEST" for the top level hierarchy
Info (12128): Elaborating entity "lcd" for hierarchy "lcd:inst"
Warning (10230): Verilog HDL assignment warning at lcd.v(179): truncated value with size 32 to match size of target (20)
Warning (10230): Verilog HDL assignment warning at lcd.v(207): truncated value with size 32 to match size of target (20)
Warning (13024): Output pins are stuck at VCC or GND
    Warning (13410): Pin "lcd_en" is stuck at VCC
    Warning (13410): Pin "lcd_rw" is stuck at GND
    Warning (13410): Pin "lcd_rs" is stuck at GND
    Warning (13410): Pin "lcd_data[7]" is stuck at GND
    Warning (13410): Pin "lcd_data[6]" is stuck at GND
    Warning (13410): Pin "lcd_data[5]" is stuck at GND
    Warning (13410): Pin "lcd_data[4]" is stuck at GND
    Warning (13410): Pin "lcd_data[3]" is stuck at GND
    Warning (13410): Pin "lcd_data[2]" is stuck at GND
    Warning (13410): Pin "lcd_data[1]" is stuck at GND
    Warning (13410): Pin "lcd_data[0]" is stuck at GND
Info (17049): 46 registers lost all their fanouts during netlist optimizations.
Info (16010): Generating hard_block partition "hard_block:auto_generated_inst"
    Info (16011): Adding 0 node(s), including 0 DDIO, 0 PLL, 0 transceiver and 0 LCELL
Warning (21074): Design contains 1 input pin(s) that do not drive logic
    Warning (15610): No output dependent on input pin "clk"
Info (21057): Implemented 12 device resources after synthesis - the final resource count might be different
    Info (21058): Implemented 1 input pins
    Info (21059): Implemented 11 output pins
Info: Quartus II 64-Bit Analysis & Synthesis was successful. 0 errors, 18 warnings
    Info: Peak virtual memory: 527 megabytes
    Info: Processing ended: Thu Jul 19 14:40:37 2018
    Info: Elapsed time: 00:00:01
    Info: Total CPU time (on all processors): 00:00:01


